2025-06-22 10:46:28 - INFO: Requisição finalizada
2025-06-21 21:09:28 - ERROR: Requisição malformada
2025-06-22 04:12:28 - DEBUG: Valores de configuração carregados
2025-06-22 11:44:28 - DEBUG: Valores de configuração carregados
2025-06-22 02:00:28 - DEBUG: Verificando variáveis de ambiente
2025-06-21 22:11:28 - ERROR: Falha no login
2025-06-22 02:44:28 - WARNING: Recurso obsoleto utilizado
2025-06-22 11:49:28 - WARNING: Token expirado
2025-06-21 22:32:28 - WARNING: Recurso obsoleto utilizado
2025-06-22 03:36:28 - ERROR: Timeout na conexão
2025-06-22 17:49:28 - ERROR: Erro de banco de dados
2025-06-22 04:46:28 - WARNING: Tentativa de acesso suspeita
2025-06-22 15:38:28 - DEBUG: Valores de configuração carregados
2025-06-22 13:23:28 - INFO: Requisição finalizada
2025-06-22 17:56:28 - DEBUG: Verificando variáveis de ambiente
2025-06-22 16:39:28 - INFO: Conexão estável detectada
2025-06-22 12:52:28 - INFO: Conexão estável detectada
2025-06-22 02:36:28 - ERROR: Timeout na conexão
2025-06-22 04:02:28 - DEBUG: Teste de endpoint executado
2025-06-22 11:27:28 - DEBUG: Valores de configuração carregados
2025-06-22 13:51:28 - ERROR: Erro de banco de dados
2025-06-22 08:52:28 - WARNING: Token expirado
2025-06-22 03:08:28 - ERROR: Erro de banco de dados
2025-06-22 05:56:28 - DEBUG: Verificando variáveis de ambiente
2025-06-22 03:30:28 - ERROR: Falha no login
2025-06-21 21:20:28 - DEBUG: Verificando variáveis de ambiente
2025-06-22 18:29:28 - INFO: Conexão estável detectada
2025-06-22 14:40:28 - DEBUG: Verificando variáveis de ambiente
2025-06-21 22:21:28 - DEBUG: Verificando variáveis de ambiente
2025-06-22 17:32:28 - ERROR: Timeout na conexão
2025-06-22 14:27:28 - INFO: Usuário logado com sucesso
2025-06-22 09:00:28 - ERROR: Requisição malformada
2025-06-22 13:34:28 - INFO: Página carregada corretamente
2025-06-21 23:21:28 - DEBUG: Valores de configuração carregados
2025-06-22 13:26:28 - ERROR: Requisição malformada
2025-06-22 07:07:28 - DEBUG: Valores de configuração carregados
2025-06-22 16:36:28 - DEBUG: Valores de configuração carregados
2025-06-22 08:43:28 - INFO: Conexão estável detectada
2025-06-22 12:11:28 - WARNING: Tentativa de acesso suspeita
2025-06-21 23:31:28 - ERROR: Timeout na conexão
2025-06-22 09:19:28 - INFO: Página carregada corretamente
2025-06-22 01:41:28 - INFO: Página carregada corretamente
2025-06-22 17:42:28 - WARNING: Token expirado
2025-06-22 10:44:28 - WARNING: Tentativa de acesso suspeita
2025-06-22 08:23:28 - WARNING: Recurso obsoleto utilizado
2025-06-22 00:39:28 - WARNING: Token expirado
2025-06-21 20:05:28 - DEBUG: Valores de configuração carregados
2025-06-22 04:52:28 - INFO: Página carregada corretamente
2025-06-22 11:02:28 - ERROR: Requisição malformada
2025-06-21 22:49:28 - INFO: Conexão estável detectada
